{"level":"error","message":"[mongoMeili] Error checking index convos: fetch failed","name":"MeiliSearchCommunicationError","stack":"MeiliSearchCommunicationError: fetch failed\n    at node:internal/deps/undici/undici:13510:13\n    at process.processTicksAndRejections (node:internal/process/task_queues:105:5)"}
{"level":"error","message":"[mongoMeili] Error checking index messages: fetch failed","name":"MeiliSearchCommunicationError","stack":"MeiliSearchCommunicationError: fetch failed\n    at node:internal/deps/undici/undici:13510:13\n    at process.processTicksAndRejections (node:internal/process/task_queues:105:5)"}
{"level":"error","message":"[mongoMeili] Error checking index convos: fetch failed","name":"MeiliSearchCommunicationError","stack":"MeiliSearchCommunicationError: fetch failed\n    at node:internal/deps/undici/undici:13510:13\n    at process.processTicksAndRejections (node:internal/process/task_queues:105:5)"}
{"level":"error","message":"[mongoMeili] Error checking index messages: fetch failed","name":"MeiliSearchCommunicationError","stack":"MeiliSearchCommunicationError: fetch failed\n    at node:internal/deps/undici/undici:13510:13\n    at process.processTicksAndRejections (node:internal/process/task_queues:105:5)"}
{"level":"info","message":"[mongoMeili] Creating new index: convos"}
{"level":"info","message":"[mongoMeili] Creating new index: messages"}
{"level":"info","message":"[mongoMeili] Creating new index: convos"}
{"level":"info","message":"[mongoMeili] Creating new index: messages"}
{"level":"info","message":"[mongoMeili] Successfully created index: convos"}
{"level":"info","message":"[mongoMeili] Successfully created index: messages"}
{"level":"info","message":"[mongoMeili] Successfully created index: convos"}
{"level":"info","message":"[mongoMeili] Successfully created index: messages"}
{"level":"debug","message":"[mongoMeili] Index convos already exists"}
{"level":"debug","message":"[mongoMeili] Index messages already exists"}
{"level":"debug","message":"[mongoMeili] Index convos already exists"}
{"level":"debug","message":"[mongoMeili] Index messages already exists"}
{"level":"error","message":"[mongoMeili] Error checking index convos: fetch failed","name":"MeiliSearchCommunicationError","stack":"MeiliSearchCommunicationError: fetch failed\n    at node:internal/deps/undici/undici:13510:13\n    at process.processTicksAndRejections (node:internal/process/task_queues:105:5)"}
{"level":"error","message":"[mongoMeili] Error checking index messages: fetch failed","name":"MeiliSearchCommunicationError","stack":"MeiliSearchCommunicationError: fetch failed\n    at node:internal/deps/undici/undici:13510:13\n    at process.processTicksAndRejections (node:internal/process/task_queues:105:5)"}
{"level":"error","message":"[mongoMeili] Error checking index convos: fetch failed","name":"MeiliSearchCommunicationError","stack":"MeiliSearchCommunicationError: fetch failed\n    at node:internal/deps/undici/undici:13510:13\n    at process.processTicksAndRejections (node:internal/process/task_queues:105:5)"}
{"level":"error","message":"[mongoMeili] Error checking index messages: fetch failed","name":"MeiliSearchCommunicationError","stack":"MeiliSearchCommunicationError: fetch failed\n    at node:internal/deps/undici/undici:13510:13\n    at process.processTicksAndRejections (node:internal/process/task_queues:105:5)"}
{"level":"error","message":"[mongoMeili] Error checking index convos: fetch failed","name":"MeiliSearchCommunicationError","stack":"MeiliSearchCommunicationError: fetch failed\n    at node:internal/deps/undici/undici:13510:13\n    at process.processTicksAndRejections (node:internal/process/task_queues:105:5)"}
{"level":"error","message":"[mongoMeili] Error checking index messages: fetch failed","name":"MeiliSearchCommunicationError","stack":"MeiliSearchCommunicationError: fetch failed\n    at node:internal/deps/undici/undici:13510:13\n    at process.processTicksAndRejections (node:internal/process/task_queues:105:5)"}
{"level":"error","message":"[mongoMeili] Error checking index messages: fetch failed","name":"MeiliSearchCommunicationError","stack":"MeiliSearchCommunicationError: fetch failed\n    at node:internal/deps/undici/undici:13510:13\n    at process.processTicksAndRejections (node:internal/process/task_queues:105:5)"}
{"level":"error","message":"[mongoMeili] Error checking index convos: fetch failed","name":"MeiliSearchCommunicationError","stack":"MeiliSearchCommunicationError: fetch failed\n    at node:internal/deps/undici/undici:13510:13\n    at process.processTicksAndRejections (node:internal/process/task_queues:105:5)"}
{"level":"error","message":"[mongoMeili] Error checking index convos: fetch failed","name":"MeiliSearchCommunicationError","stack":"MeiliSearchCommunicationError: fetch failed\n    at node:internal/deps/undici/undici:13510:13\n    at process.processTicksAndRejections (node:internal/process/task_queues:105:5)"}
{"level":"error","message":"[mongoMeili] Error checking index messages: fetch failed","name":"MeiliSearchCommunicationError","stack":"MeiliSearchCommunicationError: fetch failed\n    at node:internal/deps/undici/undici:13510:13\n    at process.processTicksAndRejections (node:internal/process/task_queues:105:5)"}
{"level":"error","message":"[mongoMeili] Error checking index messages: fetch failed","name":"MeiliSearchCommunicationError","stack":"MeiliSearchCommunicationError: fetch failed\n    at node:internal/deps/undici/undici:13510:13\n    at process.processTicksAndRejections (node:internal/process/task_queues:105:5)"}
{"level":"error","message":"[mongoMeili] Error checking index convos: fetch failed","name":"MeiliSearchCommunicationError","stack":"MeiliSearchCommunicationError: fetch failed\n    at node:internal/deps/undici/undici:13510:13\n    at process.processTicksAndRejections (node:internal/process/task_queues:105:5)"}
{"level":"error","message":"[mongoMeili] Error checking index convos: fetch failed","name":"MeiliSearchCommunicationError","stack":"MeiliSearchCommunicationError: fetch failed\n    at node:internal/deps/undici/undici:13510:13\n    at process.processTicksAndRejections (node:internal/process/task_queues:105:5)"}
{"level":"error","message":"[mongoMeili] Error checking index messages: fetch failed","name":"MeiliSearchCommunicationError","stack":"MeiliSearchCommunicationError: fetch failed\n    at node:internal/deps/undici/undici:13510:13\n    at process.processTicksAndRejections (node:internal/process/task_queues:105:5)"}
{"level":"error","message":"[mongoMeili] Error checking index convos: fetch failed","name":"MeiliSearchCommunicationError","stack":"MeiliSearchCommunicationError: fetch failed\n    at node:internal/deps/undici/undici:13510:13\n    at process.processTicksAndRejections (node:internal/process/task_queues:105:5)"}
{"level":"error","message":"[mongoMeili] Error checking index messages: fetch failed","name":"MeiliSearchCommunicationError","stack":"MeiliSearchCommunicationError: fetch failed\n    at node:internal/deps/undici/undici:13510:13\n    at process.processTicksAndRejections (node:internal/process/task_queues:105:5)"}
{"level":"error","message":"[mongoMeili] Error checking index convos: fetch failed","name":"MeiliSearchCommunicationError","stack":"MeiliSearchCommunicationError: fetch failed\n    at node:internal/deps/undici/undici:13510:13\n    at process.processTicksAndRejections (node:internal/process/task_queues:105:5)"}
{"level":"error","message":"[mongoMeili] Error checking index messages: fetch failed","name":"MeiliSearchCommunicationError","stack":"MeiliSearchCommunicationError: fetch failed\n    at node:internal/deps/undici/undici:13510:13\n    at process.processTicksAndRejections (node:internal/process/task_queues:105:5)"}
{"level":"error","message":"[mongoMeili] Error checking index convos: fetch failed","name":"MeiliSearchCommunicationError","stack":"MeiliSearchCommunicationError: fetch failed\n    at node:internal/deps/undici/undici:13510:13\n    at process.processTicksAndRejections (node:internal/process/task_queues:105:5)"}
{"level":"error","message":"[mongoMeili] Error checking index messages: fetch failed","name":"MeiliSearchCommunicationError","stack":"MeiliSearchCommunicationError: fetch failed\n    at node:internal/deps/undici/undici:13510:13\n    at process.processTicksAndRejections (node:internal/process/task_queues:105:5)"}
{"level":"error","message":"[mongoMeili] Error checking index convos: fetch failed","name":"MeiliSearchCommunicationError","stack":"MeiliSearchCommunicationError: fetch failed\n    at node:internal/deps/undici/undici:13510:13\n    at process.processTicksAndRejections (node:internal/process/task_queues:105:5)"}
{"level":"error","message":"[mongoMeili] Error checking index messages: fetch failed","name":"MeiliSearchCommunicationError","stack":"MeiliSearchCommunicationError: fetch failed\n    at node:internal/deps/undici/undici:13510:13\n    at process.processTicksAndRejections (node:internal/process/task_queues:105:5)"}
{"level":"error","message":"[mongoMeili] Error checking index convos: fetch failed","name":"MeiliSearchCommunicationError","stack":"MeiliSearchCommunicationError: fetch failed\n    at node:internal/deps/undici/undici:13510:13\n    at process.processTicksAndRejections (node:internal/process/task_queues:105:5)"}
{"level":"error","message":"[mongoMeili] Error checking index messages: fetch failed","name":"MeiliSearchCommunicationError","stack":"MeiliSearchCommunicationError: fetch failed\n    at node:internal/deps/undici/undici:13510:13\n    at process.processTicksAndRejections (node:internal/process/task_queues:105:5)"}
{"level":"error","message":"[mongoMeili] Error checking index convos: fetch failed","name":"MeiliSearchCommunicationError","stack":"MeiliSearchCommunicationError: fetch failed\n    at node:internal/deps/undici/undici:13510:13\n    at process.processTicksAndRejections (node:internal/process/task_queues:105:5)"}
{"level":"error","message":"[mongoMeili] Error checking index messages: fetch failed","name":"MeiliSearchCommunicationError","stack":"MeiliSearchCommunicationError: fetch failed\n    at node:internal/deps/undici/undici:13510:13\n    at process.processTicksAndRejections (node:internal/process/task_queues:105:5)"}
{"level":"error","message":"[mongoMeili] Error checking index convos: fetch failed","name":"MeiliSearchCommunicationError","stack":"MeiliSearchCommunicationError: fetch failed\n    at node:internal/deps/undici/undici:13510:13\n    at process.processTicksAndRejections (node:internal/process/task_queues:105:5)"}
{"level":"error","message":"[mongoMeili] Error checking index convos: fetch failed","name":"MeiliSearchCommunicationError","stack":"MeiliSearchCommunicationError: fetch failed\n    at node:internal/deps/undici/undici:13510:13\n    at process.processTicksAndRejections (node:internal/process/task_queues:105:5)"}
{"level":"error","message":"[mongoMeili] Error checking index messages: fetch failed","name":"MeiliSearchCommunicationError","stack":"MeiliSearchCommunicationError: fetch failed\n    at node:internal/deps/undici/undici:13510:13\n    at process.processTicksAndRejections (node:internal/process/task_queues:105:5)"}
{"level":"error","message":"[mongoMeili] Error checking index convos: fetch failed","name":"MeiliSearchCommunicationError","stack":"MeiliSearchCommunicationError: fetch failed\n    at node:internal/deps/undici/undici:13510:13\n    at process.processTicksAndRejections (node:internal/process/task_queues:105:5)"}
{"level":"error","message":"[mongoMeili] Error checking index messages: fetch failed","name":"MeiliSearchCommunicationError","stack":"MeiliSearchCommunicationError: fetch failed\n    at node:internal/deps/undici/undici:13510:13\n    at process.processTicksAndRejections (node:internal/process/task_queues:105:5)"}
{"level":"error","message":"[mongoMeili] Error checking index convos: fetch failed","name":"MeiliSearchCommunicationError","stack":"MeiliSearchCommunicationError: fetch failed\n    at node:internal/deps/undici/undici:13510:13\n    at process.processTicksAndRejections (node:internal/process/task_queues:105:5)"}
{"level":"error","message":"[mongoMeili] Error checking index messages: fetch failed","name":"MeiliSearchCommunicationError","stack":"MeiliSearchCommunicationError: fetch failed\n    at node:internal/deps/undici/undici:13510:13\n    at process.processTicksAndRejections (node:internal/process/task_queues:105:5)"}
{"level":"error","message":"[mongoMeili] Error checking index convos: fetch failed","name":"MeiliSearchCommunicationError","stack":"MeiliSearchCommunicationError: fetch failed\n    at node:internal/deps/undici/undici:13510:13\n    at process.processTicksAndRejections (node:internal/process/task_queues:105:5)"}
{"level":"error","message":"[mongoMeili] Error checking index messages: fetch failed","name":"MeiliSearchCommunicationError","stack":"MeiliSearchCommunicationError: fetch failed\n    at node:internal/deps/undici/undici:13510:13\n    at process.processTicksAndRejections (node:internal/process/task_queues:105:5)"}
{"level":"error","message":"[mongoMeili] Error checking index convos: fetch failed","name":"MeiliSearchCommunicationError","stack":"MeiliSearchCommunicationError: fetch failed\n    at node:internal/deps/undici/undici:13510:13\n    at process.processTicksAndRejections (node:internal/process/task_queues:105:5)"}
{"level":"error","message":"[mongoMeili] Error checking index messages: fetch failed","name":"MeiliSearchCommunicationError","stack":"MeiliSearchCommunicationError: fetch failed\n    at node:internal/deps/undici/undici:13510:13\n    at process.processTicksAndRejections (node:internal/process/task_queues:105:5)"}
{"level":"error","message":"[mongoMeili] Error checking index convos: fetch failed","name":"MeiliSearchCommunicationError","stack":"MeiliSearchCommunicationError: fetch failed\n    at node:internal/deps/undici/undici:13510:13\n    at process.processTicksAndRejections (node:internal/process/task_queues:105:5)"}
{"level":"error","message":"[mongoMeili] Error checking index messages: fetch failed","name":"MeiliSearchCommunicationError","stack":"MeiliSearchCommunicationError: fetch failed\n    at node:internal/deps/undici/undici:13510:13\n    at process.processTicksAndRejections (node:internal/process/task_queues:105:5)"}
{"level":"error","message":"[mongoMeili] Error checking index convos: fetch failed","name":"MeiliSearchCommunicationError","stack":"MeiliSearchCommunicationError: fetch failed\n    at node:internal/deps/undici/undici:13510:13\n    at process.processTicksAndRejections (node:internal/process/task_queues:105:5)"}
{"level":"error","message":"[mongoMeili] Error checking index messages: fetch failed","name":"MeiliSearchCommunicationError","stack":"MeiliSearchCommunicationError: fetch failed\n    at node:internal/deps/undici/undici:13510:13\n    at process.processTicksAndRejections (node:internal/process/task_queues:105:5)"}
{"level":"error","message":"[mongoMeili] Error checking index convos: fetch failed","name":"MeiliSearchCommunicationError","stack":"MeiliSearchCommunicationError: fetch failed\n    at node:internal/deps/undici/undici:13510:13\n    at process.processTicksAndRejections (node:internal/process/task_queues:105:5)"}
{"level":"error","message":"[mongoMeili] Error checking index messages: fetch failed","name":"MeiliSearchCommunicationError","stack":"MeiliSearchCommunicationError: fetch failed\n    at node:internal/deps/undici/undici:13510:13\n    at process.processTicksAndRejections (node:internal/process/task_queues:105:5)"}
{"level":"error","message":"[mongoMeili] Error checking index convos: fetch failed","name":"MeiliSearchCommunicationError","stack":"MeiliSearchCommunicationError: fetch failed\n    at node:internal/deps/undici/undici:13510:13\n    at process.processTicksAndRejections (node:internal/process/task_queues:105:5)"}
{"level":"error","message":"[mongoMeili] Error checking index messages: fetch failed","name":"MeiliSearchCommunicationError","stack":"MeiliSearchCommunicationError: fetch failed\n    at node:internal/deps/undici/undici:13510:13\n    at process.processTicksAndRejections (node:internal/process/task_queues:105:5)"}
{"level":"error","message":"[mongoMeili] Error checking index convos: fetch failed","name":"MeiliSearchCommunicationError","stack":"MeiliSearchCommunicationError: fetch failed\n    at node:internal/deps/undici/undici:13510:13\n    at process.processTicksAndRejections (node:internal/process/task_queues:105:5)"}
{"level":"error","message":"[mongoMeili] Error checking index messages: fetch failed","name":"MeiliSearchCommunicationError","stack":"MeiliSearchCommunicationError: fetch failed\n    at node:internal/deps/undici/undici:13510:13\n    at process.processTicksAndRejections (node:internal/process/task_queues:105:5)"}
{"level":"error","message":"[mongoMeili] Error checking index convos: fetch failed","name":"MeiliSearchCommunicationError","stack":"MeiliSearchCommunicationError: fetch failed\n    at node:internal/deps/undici/undici:13510:13\n    at process.processTicksAndRejections (node:internal/process/task_queues:105:5)"}
{"level":"error","message":"[mongoMeili] Error checking index messages: fetch failed","name":"MeiliSearchCommunicationError","stack":"MeiliSearchCommunicationError: fetch failed\n    at node:internal/deps/undici/undici:13510:13\n    at process.processTicksAndRejections (node:internal/process/task_queues:105:5)"}
{"level":"error","message":"[mongoMeili] Error checking index convos: fetch failed","name":"MeiliSearchCommunicationError","stack":"MeiliSearchCommunicationError: fetch failed\n    at node:internal/deps/undici/undici:13510:13\n    at process.processTicksAndRejections (node:internal/process/task_queues:105:5)"}
{"level":"error","message":"[mongoMeili] Error checking index messages: fetch failed","name":"MeiliSearchCommunicationError","stack":"MeiliSearchCommunicationError: fetch failed\n    at node:internal/deps/undici/undici:13510:13\n    at process.processTicksAndRejections (node:internal/process/task_queues:105:5)"}
{"level":"error","message":"[mongoMeili] Error checking index convos: fetch failed","name":"MeiliSearchCommunicationError","stack":"MeiliSearchCommunicationError: fetch failed\n    at node:internal/deps/undici/undici:13510:13\n    at process.processTicksAndRejections (node:internal/process/task_queues:105:5)"}
{"level":"error","message":"[mongoMeili] Error checking index messages: fetch failed","name":"MeiliSearchCommunicationError","stack":"MeiliSearchCommunicationError: fetch failed\n    at node:internal/deps/undici/undici:13510:13\n    at process.processTicksAndRejections (node:internal/process/task_queues:105:5)"}
{"level":"error","message":"[mongoMeili] Error checking index convos: fetch failed","name":"MeiliSearchCommunicationError","stack":"MeiliSearchCommunicationError: fetch failed\n    at node:internal/deps/undici/undici:13510:13\n    at process.processTicksAndRejections (node:internal/process/task_queues:105:5)"}
{"level":"error","message":"[mongoMeili] Error checking index messages: fetch failed","name":"MeiliSearchCommunicationError","stack":"MeiliSearchCommunicationError: fetch failed\n    at node:internal/deps/undici/undici:13510:13\n    at process.processTicksAndRejections (node:internal/process/task_queues:105:5)"}
{"level":"error","message":"[mongoMeili] Error checking index convos: fetch failed","name":"MeiliSearchCommunicationError","stack":"MeiliSearchCommunicationError: fetch failed\n    at node:internal/deps/undici/undici:13510:13\n    at process.processTicksAndRejections (node:internal/process/task_queues:105:5)"}
{"level":"error","message":"[mongoMeili] Error checking index messages: fetch failed","name":"MeiliSearchCommunicationError","stack":"MeiliSearchCommunicationError: fetch failed\n    at node:internal/deps/undici/undici:13510:13\n    at process.processTicksAndRejections (node:internal/process/task_queues:105:5)"}
{"level":"error","message":"[mongoMeili] Error checking index messages: fetch failed","name":"MeiliSearchCommunicationError","stack":"MeiliSearchCommunicationError: fetch failed\n    at node:internal/deps/undici/undici:13510:13\n    at process.processTicksAndRejections (node:internal/process/task_queues:105:5)"}
{"level":"error","message":"[mongoMeili] Error checking index convos: fetch failed","name":"MeiliSearchCommunicationError","stack":"MeiliSearchCommunicationError: fetch failed\n    at node:internal/deps/undici/undici:13510:13\n    at process.processTicksAndRejections (node:internal/process/task_queues:105:5)"}
{"level":"error","message":"[mongoMeili] Error checking index convos: fetch failed","name":"MeiliSearchCommunicationError","stack":"MeiliSearchCommunicationError: fetch failed\n    at node:internal/deps/undici/undici:13510:13\n    at process.processTicksAndRejections (node:internal/process/task_queues:105:5)"}
{"level":"error","message":"[mongoMeili] Error checking index messages: fetch failed","name":"MeiliSearchCommunicationError","stack":"MeiliSearchCommunicationError: fetch failed\n    at node:internal/deps/undici/undici:13510:13\n    at process.processTicksAndRejections (node:internal/process/task_queues:105:5)"}
{"level":"error","message":"[mongoMeili] Error checking index convos: fetch failed","name":"MeiliSearchCommunicationError","stack":"MeiliSearchCommunicationError: fetch failed\n    at node:internal/deps/undici/undici:13510:13\n    at process.processTicksAndRejections (node:internal/process/task_queues:105:5)"}
{"level":"error","message":"[mongoMeili] Error checking index messages: fetch failed","name":"MeiliSearchCommunicationError","stack":"MeiliSearchCommunicationError: fetch failed\n    at node:internal/deps/undici/undici:13510:13\n    at process.processTicksAndRejections (node:internal/process/task_queues:105:5)"}
